* using log directory 'c:/Users/kapelner/workspace/kernReg/kernReg.Rcheck'
* using R version 3.1.0 (2014-04-10)
* using platform: x86_64-w64-mingw32 (64-bit)
* using session charset: ISO8859-1
* checking for file 'kernReg/DESCRIPTION' ... OK
* checking extension type ... Package
* this is package 'kernReg' version '1.0'
* checking CRAN incoming feasibility ... NOTE
Maintainer: 'Justin Bleich <jbleich@wharton.upenn.edu>'
New submission
Components with restrictions and base license permitting such:
  MIT + file LICENSE
File 'LICENSE':
  YEAR: 2014
  COPYRIGHT HOLDER: Justin Bleich and Adam Kapelner
* checking package namespace information ... OK
* checking package dependencies ... NOTE
  No repository set, so cyclic dependency check skipped
* checking if this is a source package ... OK
* checking if there is a namespace ... OK
* checking for .dll and .exe files ... OK
* checking for hidden files and directories ... OK
* checking for portable file names ... OK
* checking whether package 'kernReg' can be installed ... OK
* checking installed package size ... OK
* checking package directory ... OK
* checking DESCRIPTION meta-information ... OK
* checking top-level files ... OK
* checking for left-over files ... OK
* checking index information ... OK
* checking package subdirectories ... OK
* checking R files for non-ASCII characters ... OK
* checking R files for syntax errors ... OK
* checking whether the package can be loaded ... OK
* checking whether the package can be loaded with stated dependencies ... OK
* checking whether the package can be unloaded cleanly ... OK
* checking whether the namespace can be loaded with stated dependencies ... OK
* checking whether the namespace can be unloaded cleanly ... OK
* checking dependencies in R code ... OK
* checking S3 generic/method consistency ... OK
* checking replacement functions ... OK
* checking foreign function calls ... OK
* checking R code for possible problems ... NOTE
kpca_predict_common: no visible binding for global variable 'i'
* checking Rd files ... OK
* checking Rd metadata ... OK
* checking Rd line widths ... OK
* checking Rd cross-references ... OK
* checking for missing documentation entries ... OK
* checking for code/documentation mismatches ... OK
* checking Rd \usage sections ... OK
* checking Rd contents ... OK
* checking for unstated dependencies in examples ... OK
* checking examples ... OK
* checking PDF version of manual ... OK
NOTE: There were 3 notes.
